<?xml version="1.0" encoding="UTF-8"?>
<testng-results ignored="0" total="1" passed="1" failed="0" skipped="0">
  <reporter-output>
  </reporter-output>
  <suite started-at="2024-05-25T09:08:34 IST" name="Default suite" finished-at="2024-05-25T09:08:52 IST" duration-ms="18214">
    <groups>
    </groups>
    <test started-at="2024-05-25T09:08:34 IST" name="Default test" finished-at="2024-05-25T09:08:52 IST" duration-ms="18214">
      <class name="ExtendsReport.Script2">
        <test-method signature="script2()[pri:0, instance:ExtendsReport.Script2@5bd03f44]" started-at="2024-05-25T09:08:34 IST" name="script2" finished-at="2024-05-25T09:08:52 IST" duration-ms="18149" status="PASS">
          <reporter-output>
          </reporter-output>
        </test-method> <!-- script2 -->
      </class> <!-- ExtendsReport.Script2 -->
    </test> <!-- Default test -->
  </suite> <!-- Default suite -->
</testng-results>
